1512557952349	geckodriver	INFO	geckodriver 0.19.0
1512557952349	geckodriver	INFO	Listening on 127.0.0.1:56785
1512557954411	mozrunner::runner	INFO	Running command: "C:\\Program Files\\Mozilla Firefox\\firefox.exe" "-marionette" "-profile" "C:\\Users\\ATIKAW~1\\AppData\\Local\\Temp\\rust_mozprofile.VUY2sw0Q1Yr3"
1512557954657	addons.xpi	WARN	Error parsing extensions state: [Exception... "Component returned failure code: 0x80520012 (NS_ERROR_FILE_NOT_FOUND) [amIAddonManagerStartup.readStartupData]"  nsresult: "0x80520012 (NS_ERROR_FILE_NOT_FOUND)"  location: "JS frame :: resource://gre/modules/addons/XPIProvider.jsm :: loadExtensionState :: line 1554"  data: no] Stack trace: loadExtensionState()@resource://gre/modules/addons/XPIProvider.jsm:1554 < getInstallState()@resource://gre/modules/addons/XPIProvider.jsm:1589 < checkForChanges()@resource://gre/modules/addons/XPIProvider.jsm:3109 < startup()@resource://gre/modules/addons/XPIProvider.jsm:2188 < callProvider()@resource://gre/modules/AddonManager.jsm:269 < _startProvider()@resource://gre/modules/AddonManager.jsm:739 < startup()@resource://gre/modules/AddonManager.jsm:906 < startup()@resource://gre/modules/AddonManager.jsm:3090 < observe()@jar:file:///C:/Program%20Files/Mozilla%20Firefox/omni.ja!/components/addonManager.js:65
1512557955384	Marionette	INFO	Enabled via --marionette
Unable to read VR Path Registry from C:\Users\Atika waheed\AppData\Local\openvr\openvrpaths.vrpath
[Child 7672] WARNING: pipe error: 109: file z:/build/build/src/ipc/chromium/src/chrome/common/ipc_channel_win.cc, line 346
[Child 7672] WARNING: pipe error: 109: file z:/build/build/src/ipc/chromium/src/chrome/common/ipc_channel_win.cc, line 346
1512557958373	Marionette	INFO	Listening on port 56791
1512557958623	Marionette	WARN	TLS certificate errors will be ignored for this session
1512557958697	Marionette	DEBUG	Register listener.js for window 6442450945
1512557958740	Marionette	DEBUG	Received DOM event "beforeunload" for "about:blank"
1512557959247	Marionette	DEBUG	Received DOM event "pagehide" for "about:blank"
1512557959248	Marionette	DEBUG	Received DOM event "unload" for "about:blank"
1512557959361	Marionette	DEBUG	Received DOM event "DOMContentLoaded" for "http://demo.guru99.com/selenium/newtours/"
1512557961128	Marionette	DEBUG	Received DOM event "pageshow" for "http://demo.guru99.com/selenium/newtours/"
1512557961501	Marionette	DEBUG	Received DOM event "beforeunload" for "http://demo.guru99.com/selenium/newtours/"
1512557962176	Marionette	DEBUG	Received DOM event "pagehide" for "http://demo.guru99.com/selenium/newtours/"
1512557962177	Marionette	DEBUG	Received DOM event "unload" for "http://demo.guru99.com/selenium/newtours/"
1512557962256	Marionette	DEBUG	Received DOM event "DOMContentLoaded" for "http://demo.guru99.com/selenium/newtours/index.php"
1512557962486	Marionette	DEBUG	Received DOM event "pageshow" for "http://demo.guru99.com/selenium/newtours/index.php"
1512557962593	Marionette	DEBUG	Received DOM event "beforeunload" for "http://demo.guru99.com/selenium/newtours/index.php"
1512557962851	Marionette	DEBUG	Received DOM event "pagehide" for "http://demo.guru99.com/selenium/newtours/index.php"
1512557962852	Marionette	DEBUG	Received DOM event "unload" for "http://demo.guru99.com/selenium/newtours/index.php"
1512557962941	Marionette	DEBUG	Received DOM event "DOMContentLoaded" for "http://demo.guru99.com/selenium/newtours/reservation.php"
1512557963355	Marionette	DEBUG	Received DOM event "pageshow" for "http://demo.guru99.com/selenium/newtours/reservation.php"
1512557963752	Marionette	DEBUG	Canceled page load listener because no navigation has been detected
1512557969227	Marionette	DEBUG	Canceled page load listener because no navigation has been detected
1512557969492	Marionette	DEBUG	Canceled page load listener because no navigation has been detected
1512557969816	Marionette	DEBUG	Canceled page load listener because no navigation has been detected
1512557970192	Marionette	DEBUG	Canceled page load listener because no navigation has been detected
1512557970566	Marionette	DEBUG	Canceled page load listener because no navigation has been detected
1512557970910	Marionette	DEBUG	Canceled page load listener because no navigation has been detected
1512557971192	Marionette	DEBUG	Canceled page load listener because no navigation has been detected
1512557971566	Marionette	DEBUG	Canceled page load listener because no navigation has been detected
1512557976638	Marionette	DEBUG	Received DOM event "beforeunload" for "http://demo.guru99.com/selenium/newtours/reservation.php"
1512557977240	Marionette	DEBUG	Received DOM event "pagehide" for "http://demo.guru99.com/selenium/newtours/reservation.php"
1512557977243	Marionette	DEBUG	Received DOM event "unload" for "http://demo.guru99.com/selenium/newtours/reservation.php"
1512557977302	Marionette	DEBUG	Received DOM event "DOMContentLoaded" for "http://demo.guru99.com/selenium/newtours/reservation2.php"
1512557977652	Marionette	DEBUG	Received DOM event "pageshow" for "http://demo.guru99.com/selenium/newtours/reservation2.php"
1512557987822	Marionette	DEBUG	Received DOM event "beforeunload" for "http://demo.guru99.com/selenium/newtours/reservation2.php"
1512557987836	Marionette	DEBUG	Received DOM event "pagehide" for "http://demo.guru99.com/selenium/newtours/reservation2.php"
1512557987838	Marionette	DEBUG	Received DOM event "unload" for "http://demo.guru99.com/selenium/newtours/reservation2.php"
1512557987919	Marionette	DEBUG	Received DOM event "DOMContentLoaded" for "http://demo.guru99.com/selenium/newtours/reservation.php"
1512557988407	Marionette	DEBUG	Received DOM event "pageshow" for "http://demo.guru99.com/selenium/newtours/reservation.php"
1512557988548	Marionette	DEBUG	Received DOM event "beforeunload" for "http://demo.guru99.com/selenium/newtours/reservation.php"
1512557988806	Marionette	DEBUG	Received DOM event "pagehide" for "http://demo.guru99.com/selenium/newtours/reservation.php"
1512557988807	Marionette	DEBUG	Received DOM event "unload" for "http://demo.guru99.com/selenium/newtours/reservation.php"
1512557988924	Marionette	DEBUG	Received DOM event "DOMContentLoaded" for "http://demo.guru99.com/selenium/newtours/support.php"
1512557989120	Marionette	DEBUG	Received DOM event "pageshow" for "http://demo.guru99.com/selenium/newtours/support.php"
1512557989225	Marionette	DEBUG	Received DOM event "beforeunload" for "http://demo.guru99.com/selenium/newtours/support.php"
1512557989529	Marionette	DEBUG	Received DOM event "pagehide" for "http://demo.guru99.com/selenium/newtours/support.php"
1512557989530	Marionette	DEBUG	Received DOM event "unload" for "http://demo.guru99.com/selenium/newtours/support.php"
1512557989591	Marionette	DEBUG	Received DOM event "DOMContentLoaded" for "http://demo.guru99.com/selenium/newtours/index.php"
1512557989839	Marionette	DEBUG	Received DOM event "pageshow" for "http://demo.guru99.com/selenium/newtours/index.php"
867654520	addons.xpi	INFO	SystemAddonInstallLocation directory is missing
1511867654525	addons.xpi-utils	DEBUG	Opening XPI database C:\Users\Atika waheed\AppData\Local\Temp\rust_mozprofile.5MDCSW7cFCMT\extensions.json
1511867654527	addons.xpi-utils	DEBUG	New add-on activity-stream@mozilla.org installed in app-system-defaults
*** Blocklist::_loadBlocklistFromFile: blocklist is disabled
1511867654547	DeferredSave.extensions.json	DEBUG	Save changes
1511867654548	addons.xpi-utils	DEBUG	New add-on aushelper@mozilla.org installed in app-system-defaults
1511867654550	DeferredSave.extensions.json	DEBUG	Starting timer
1511867654551	DeferredSave.extensions.json	DEBUG	Save changes
1511867654551	addons.xpi-utils	DEBUG	New add-on clicktoplay-rollout@mozilla.org installed in app-system-defaults
1511867654554	DeferredSave.extensions.json	DEBUG	Save changes
1511867654554	addons.xpi-utils	DEBUG	New add-on e10srollout@mozilla.org installed in app-system-defaults
1511867654557	DeferredSave.extensions.json	DEBUG	Save changes
1511867654557	addons.xpi-utils	DEBUG	New add-on firefox@getpocket.com installed in app-system-defaults
1511867654561	DeferredSave.extensions.json	DEBUG	Save changes
1511867654561	addons.xpi-utils	DEBUG	New add-on followonsearch@mozilla.com installed in app-system-defaults
1511867654564	DeferredSave.extensions.json	DEBUG	Save changes
1511867654564	addons.xpi-utils	DEBUG	New add-on formautofill@mozilla.org installed in app-system-defaults
1511867654566	DeferredSave.extensions.json	DEBUG	Save changes
1511867654566	addons.xpi-utils	DEBUG	New add-on onboarding@mozilla.org installed in app-system-defaults
1511867654568	DeferredSave.extensions.json	DEBUG	Save changes
1511867654568	addons.xpi-utils	DEBUG	New add-on screenshots@mozilla.org installed in app-system-defaults
1511867654573	DeferredSave.extensions.json	DEBUG	Save changes
1511867654573	addons.xpi-utils	DEBUG	New add-on shield-recipe-client@mozilla.org installed in app-system-defaults
1511867654576	DeferredSave.extensions.json	DEBUG	Save changes
1511867654576	addons.xpi-utils	DEBUG	New add-on webcompat@mozilla.org installed in app-system-defaults
1511867654580	DeferredSave.extensions.json	DEBUG	Save changes
1511867654580	addons.xpi-utils	DEBUG	New add-on {972ce4c6-7e08-4474-a285-3208198ce6fd} installed in app-global
1511867654582	DeferredSave.extensions.json	DEBUG	Save changes
1511867654582	addons.manager	DEBUG	Registering startup change 'installed' for activity-stream@mozilla.org
1511867654589	addons.xpi	DEBUG	Loading bootstrap scope from C:\Program Files\Mozilla Firefox\browser\features\activity-stream@mozilla.org.xpi
1511867654591	addons.xpi	DEBUG	Calling bootstrap method install on activity-stream@mozilla.org version 0.0.0
1511867654591	addons.xpi-utils	DEBUG	Make addon app-system-defaults:activity-stream@mozilla.org visible
1511867654592	addons.xpi	DEBUG	Updating XPIState for {"id":"activity-stream@mozilla.org","syncGUID":"{bc313880-d4d8-43da-9963-0941338014ea}","location":"app-system-defaults","version":"0.0.0","type":"extension","internalName":null,"updateURL":null,"updateKey":null,"optionsURL":null,"optionsType":null,"aboutURL":null,"defaultLocale":{"name":"Activity Stream","description":"A rich visual history feed and a reimagined home page make it easier than ever to find exactly what you're looking for in Firefox.","creator":null,"homepageURL":null},"visible":true,"active":false,"userDisabled":false,"appDisabled":false,"installDate":1506459502048,"updateDate":1506459502048,"applyBackgroundUpdates":1,"bootstrap":true,"path":"C:\\Program Files\\Mozilla Firefox\\browser\\features\\activity-stream@mozilla.org.xpi","skinnable":false,"size":1280296,"sourceURI":null,"releaseNotesURI":null,"softDisabled":false,"foreignInstall":false,"hasBinaryComponents":false,"strictCompatibility":false,"locales":[],"targetApplications":[{"id":"{ec8030f7-c20a-464f-9b0e-13a3a9e97384}","minVersion":"56.0","maxVersion":"56.*"}],"targetPlatforms":[],"multiprocessCompatible":true,"seen":true,"dependencies":[],"hasEmbeddedWebExtension":false,"mpcOptedOut":false,"userPermissions":null,"icons":{},"iconURL":null,"icon64URL":null,"blocklistState":0,"blocklistURL":null}
1511867654594	DeferredSave.extensions.json	DEBUG	Save changes
1511867654594	addons.manager	DEBUG	Registering startup change 'installed' for aushelper@mozilla.org
1511867654595	addons.xpi	DEBUG	Loading bootstrap scope from C:\Program Files\Mozilla Firefox\browser\features\aushelper@mozilla.org.xpi
1511867654597	addons.xpi	DEBUG	Calling bootstrap method install on aushelper@mozilla.org version 2.0
1511867654597	addons.xpi-utils	DEBUG	Make addon app-system-defaults:aushelper@mozilla.org visible
1511867654597	addons.xpi	DEBUG	Updating XPIState for {"id":"aushelper@mozilla.org","syncGUID":"{a37489e6-88f9-4c89-823a-0655ede03b27}","location":"app-system-defaults","version":"2.0","type":"extension","internalName":null,"updateURL":null,"updateKey":null,"optionsURL":null,"optionsType":null,"aboutURL":null,"defaultLocale":{"name":"Application Update Service Helper","description":"Sets value(s) in the update url based on custom checks.","creator":null,"homepageURL":null},"visible":true,"active":false,"userDisabled":false,"appDisabled":false,"installDate":1506459502049,"updateDate":1506459502049,"applyBackgroundUpdates":1,"bootstrap":true,"path":"C:\\Program Files\\Mozilla Firefox\\browser\\features\\aushelper@mozilla.org.xpi","skinnable":false,"size":8486,"sourceURI":null,"releaseNotesURI":null,"softDisabled":false,"foreignInstall":false,"hasBinaryComponents":false,"strictCompatibility":false,"locales":[],"targetApplications":[{"id":"{ec8030f7-c20a-464f-9b0e-13a3a9e97384}","minVersion":"56.0","maxVersion":"56.*"}],"targetPlatforms":[],"multiprocessCompatible":true,"seen":true,"dependencies":[],"hasEmbeddedWebExtension":false,"mpcOptedOut":false,"userPermissions":null,"icons":{},"iconURL":null,"icon64URL":null,"blocklistState":0,"blocklistURL":null}
1511867654597	DeferredSave.extensions.json	DEBUG	Save changes
1511867654597	addons.manager	DEBUG	Registering startup change 'installed' for clicktoplay-rollout@mozilla.org
1511867654598	addons.xpi	DEBUG	Loading bootstrap scope from C:\Program Files\Mozilla Firefox\browser\features\clicktoplay-rollout@mozilla.org.xpi
1511867654606	addons.xpi	DEBUG	Calling bootstrap method install on clicktoplay-rollout@mozilla.org version 1.4
1511867654606	addons.xpi-utils	DEBUG	Make addon app-system-defaults:clicktoplay-rollout@mozilla.org visible
1511867654606	addons.xpi	DEBUG	Updating XPIState for {"id":"clicktoplay-rollout@mozilla.org","syncGUID":"{f5d01acc-1f91-4c50-9ed1-b96d5c7f1441}","location":"app-system-defaults","version":"1.4","type":"extension","internalName":null,"updateURL":null,"updateKey":null,"optionsURL":null,"optionsType":null,"aboutURL":null,"defaultLocale":{"name":"Click-to-Play staged rollout","description":"Staged rollout for Click-to-Play Flash.","creator":null,"homepageURL":null},"visible":true,"active":false,"userDisabled":false,"appDisabled":false,"installDate":1506459502049,"updateDate":1506459502049,"applyBackgroundUpdates":1,"bootstrap":true,"path":"C:\\Program Files\\Mozilla Firefox\\browser\\features\\clicktoplay-rollout@mozilla.org.xpi","skinnable":false,"size":5779,"sourceURI":null,"releaseNotesURI":null,"softDisabled":false,"foreignInstall":false,"hasBinaryComponents":false,"strictCompatibility":false,"locales":[],"targetApplications":[{"id":"{ec8030f7-c20a-464f-9b0e-13a3a9e97384}","minVersion":"56.0","maxVersion":"56.*"}],"targetPlatforms":[],"multiprocessCompatible":true,"seen":true,"dependencies":[],"hasEmbeddedWebExtension":false,"mpcOptedOut":false,"userPermissions":null,"icons":{},"iconURL":null,"icon64URL":null,"blocklistState":0,"blocklistURL":null}
1511867654607	DeferredSave.extensions.json	DEBUG	Save changes
1511867654607	addons.manager	DEBUG	Registering startup change 'installed' for e10srollout@mozilla.org
1511867654607	addons.xpi	DEBUG	Loading bootstrap scope from C:\Program Files\Mozilla Firefox\browser\features\e10srollout@mozilla.org.xpi
1511867654609	addons.xpi	DEBUG	Calling bootstrap method install on e10srollout@mozilla.org version 3.00
1511867654610	addons.xpi-utils	DEBUG	Make addon app-system-defaults:e10srollout@mozilla.org visible
1511867654610	addons.xpi	DEBUG	Updating XPIState for {"id":"e10srollout@mozilla.org","syncGUID":"{a45b367f-fc36-419e-8fde-cc649780be7b}","location":"app-system-defaults","version":"3.00","type":"extension","internalName":null,"updateURL":null,"updateKey":null,"optionsURL":null,"optionsType":null,"aboutURL":null,"defaultLocale":{"name":"Multi-process staged rollout","description":"Staged rollout of Firefox multi-process feature.","creator":null,"homepageURL":null},"visible":true,"active":false,"userDisabled":false,"appDisabled":false,"installDate":1506459502050,"updateDate":1506459502050,"applyBackgroundUpdates":1,"bootstrap":true,"path":"C:\\Program Files\\Mozilla Firefox\\browser\\features\\e10srollout@mozilla.org.xpi","skinnable":false,"size":13710,"sourceURI":null,"releaseNotesURI":null,"softDisabled":false,"foreignInstall":false,"hasBinaryComponents":false,"strictCompatibility":false,"locales":[],"targetApplications":[{"id":"{ec8030f7-c20a-464f-9b0e-13a3a9e97384}","minVersion":"56.0","maxVersion":"56.*"}],"targetPlatforms":[],"multiprocessCompatible":true,"seen":true,"dependencies":[],"hasEmbeddedWebExtension":false,"mpcOptedOut":false,"userPermissions":null,"icons":{},"iconURL":null,"icon64URL":null,"blocklistState":0,"blocklistURL":null}
1511867654611	DeferredSave.extensions.json	DEBUG	Save changes
1511867654611	addons.manager	DEBUG	Registering startup change 'installed' for firefox@getpocket.com
1511867654611	addons.xpi	DEBUG	Loading bootstrap scope from C:\Program Files\Mozilla Firefox\browser\features\firefox@getpocket.com.xpi
1511867654615	addons.xpi	DEBUG	Calling bootstrap method install on firefox@getpocket.com version 1.0.5
1511867654615	addons.xpi-utils	DEBUG	Make addon app-system-defaults:firefox@getpocket.com visible
1511867654615	addons.xpi	DEBUG	Updating XPIState for {"id":"firefox@getpocket.com","syncGUID":"{8b5647e9-5348-416e-a05b-cf7d03c1f2bf}","location":"app-system-defaults","version":"1.0.5","type":"extension","internalName":null,"updateURL":null,"updateKey":null,"optionsURL":null,"optionsType":null,"aboutURL":null,"defaultLocale":{"name":"Pocket","description":"When you find something you want to view later, put it in Pocket.","creator":null,"homepageURL":null},"visible":true,"active":false,"userDisabled":false,"appDisabled":false,"installDate":1506459502057,"updateDate":1506459502057,"applyBackgroundUpdates":1,"bootstrap":true,"path":"C:\\Program Files\\Mozilla Firefox\\browser\\features\\firefox@getpocket.com.xpi","skinnable":false,"size":1002023,"sourceURI":null,"releaseNotesURI":null,"softDisabled":false,"foreignInstall":false,"hasBinaryComponents":false,"strictCompatibility":false,"locales":[],"targetApplications":[{"id":"{ec8030f7-c20a-464f-9b0e-13a3a9e97384}","minVersion":"56.0","maxVersion":"56.*"}],"targetPlatforms":[],"multiprocessCompatible":true,"seen":true,"dependencies":[],"hasEmbeddedWebExtension":false,"mpcOptedOut":false,"userPermissions":null,"icons":{},"iconURL":null,"icon64URL":null,"blocklistState":0,"blocklistURL":null}
1511867654616	DeferredSave.extensions.json	DEBUG	Save changes
1511867654616	addons.manager	DEBUG	Registering startup change 'installed' for followonsearch@mozilla.com
1511867654616	addons.xpi	DEBUG	Loading bootstrap scope from C:\Program Files\Mozilla Firefox\browser\features\followonsearch@mozilla.com.xpi
1511867654618	addons.xpi	DEBUG	Calling bootstrap method install on followonsearch@mozilla.com version 0.9.3
1511867654618	addons.xpi-utils	DEBUG	Make addon app-system-defaults:followonsearch@mozilla.com visible
1511867654618	addons.xpi	DEBUG	Updating XPIState for {"id":"followonsearch@mozilla.com","syncGUID":"{15fb0133-23e7-4547-a885-b292ff0c7a15}","location":"app-system-defaults","version":"0.9.3","type":"extension","internalName":null,"updateURL":null,"updateKey":null,"optionsURL":null,"optionsType":null,"aboutURL":null,"defaultLocale":{"name":"Follow-on Search Telemetry","description":null,"creator":null,"homepageURL":null},"visible":true,"active":false,"userDisabled":false,"appDisabled":false,"installDate":1506459502057,"updateDate":1506459502057,"applyBackgroundUpdates":1,"bootstrap":true,"path":"C:\\Program Files\\Mozilla Firefox\\browser\\features\\followonsearch@mozilla.com.xpi","skinnable":false,"size":16802,"sourceURI":null,"releaseNotesURI":null,"softDisabled":false,"foreignInstall":false,"hasBinaryComponents":false,"strictCompatibility":false,"locales":[],"targetApplications":[{"id":"{ec8030f7-c20a-464f-9b0e-13a3a9e97384}","minVersion":"52.0","maxVersion":"59.*"}],"targetPlatforms":[],"multiprocessCompatible":true,"seen":true,"dependencies":[],"hasEmbeddedWebExtension":false,"mpcOptedOut":false,"userPermissions":null,"icons":{},"iconURL":null,"icon64URL":null,"blocklistState":0,"blocklistURL":null}
1511867654619	DeferredSave.extensions.json	DEBUG	Save changes
1511867654619	addons.manager	DEBUG	Registering startup change 'installed' for formautofill@mozilla.org
1511867654619	addons.xpi	DEBUG	Loading bootstrap scope from C:\Program Files\Mozilla Firefox\browser\features\formautofill@mozilla.org.xpi
1511867654621	addons.xpi	DEBUG	Calling bootstrap method install on formautofill@mozilla.org version 1.0
1511867654621	addons.xpi-utils	DEBUG	Make addon app-system-defaults:formautofill@mozilla.org visible
1511867654621	addons.xpi	DEBUG	Updating XPIState for {"id":"formautofill@mozilla.org","syncGUID":"{2f92b6c0-7eda-40d8-9645-cc236c365f05}","location":"app-system-defaults","version":"1.0","type":"extension","internalName":null,"updateURL":null,"updateKey":null,"optionsURL":null,"optionsType":null,"aboutURL":null,"defaultLocale":{"name":"Form Autofill","description":"Autofill forms with saved profiles","creator":null,"homepageURL":null},"visible":true,"active":false,"userDisabled":false,"appDisabled":false,"installDate":1506459502060,"updateDate":1506459502060,"applyBackgroundUpdates":1,"bootstrap":true,"path":"C:\\Program Files\\Mozilla Firefox\\browser\\features\\formautofill@mozilla.org.xpi","skinnable":false,"size":335585,"sourceURI":null,"releaseNotesURI":null,"softDisabled":false,"foreignInstall":false,"hasBinaryComponents":false,"strictCompatibility":false,"locales":[],"targetApplications":[{"id":"{ec8030f7-c20a-464f-9b0e-13a3a9e97384}","minVersion":"56.0","maxVersion":"56.*"}],"targetPlatforms":[],"multiprocessCompatible":true,"seen":true,"dependencies":[],"hasEmbeddedWebExtension":false,"mpcOptedOut":false,"userPermissions":null,"icons":{},"iconURL":null,"icon64URL":null,"blocklistState":0,"blocklistURL":null}
1511867654621	DeferredSave.extensions.json	DEBUG	Save changes
1511867654621	addons.manager	DEBUG	Registering startup change 'installed' for onboarding@mozilla.org
1511867654622	addons.xpi	DEBUG	Loading bootstrap scope from C:\Program Files\Mozilla Firefox\browser\features\onboarding@mozilla.org.xpi
1511867654626	addons.xpi	DEBUG	Calling bootstrap method install on onboarding@mozilla.org version 0.1
1511867654626	addons.xpi-utils	DEBUG	Make addon app-system-defaults:onboarding@mozilla.org visible
1511867654626	addons.xpi	DEBUG	Updating XPIState for {"id":"onboarding@mozilla.org","syncGUID":"{deed8942-5b83-4ca3-8a4c-a23a577d175e}","location":"app-system-defaults","version":"0.1","type":"extension","internalName":null,"updateURL":null,"updateKey":null,"optionsURL":null,"optionsType":null,"aboutURL":null,"defaultLocale":{"name":"Photon onboarding","description":"Photon onboarding","creator":null,"homepageURL":null},"visible":true,"active":false,"userDisabled":false,"appDisabled":false,"installDate":1506459502064,"updateDate":1506459502064,"applyBackgroundUpdates":1,"bootstrap":true,"path":"C:\\Program Files\\Mozilla Firefox\\browser\\features\\onboarding@mozilla.org.xpi","skinnable":false,"size":426439,"sourceURI":null,"releaseNotesURI":null,"softDisabled":false,"foreignInstall":false,"hasBinaryComponents":false,"strictCompatibility":false,"locales":[],"targetApplications":[{"id":"{ec8030f7-c20a-464f-9b0e-13a3a9e97384}","minVersion":"56.0","maxVersion":"56.*"}],"targetPlatforms":[],"multiprocessCompatible":true,"seen":true,"dependencies":[],"hasEmbeddedWebExtension":false,"mpcOptedOut":false,"userPermissions":null,"icons":{},"iconURL":null,"icon64URL":null,"blocklistState":0,"blocklistURL":null}
1511867654627	DeferredSave.extensions.json	DEBUG	Save changes
1511867654627	addons.manager	DEBUG	Registering startup change 'installed' for screenshots@mozilla.org
1511867654627	addons.xpi	DEBUG	Loading bootstrap scope from C:\Program Files\Mozilla Firefox\browser\features\screenshots@mozilla.org.xpi
1511867654629	addons.xpi	DEBUG	Calling bootstrap method install on screenshots@mozilla.org version 10.12.0
1511867654629	addons.xpi-utils	DEBUG	Make addon app-system-defaults:screenshots@mozilla.org visible
1511867654629	addons.xpi	DEBUG	Updating XPIState for {"id":"screenshots@mozilla.org","syncGUID":"{bff62fbe-4f75-4d91-8371-3f3c89ae2218}","location":"app-system-defaults","version":"10.12.0","type":"extension","internalName":null,"updateURL":null,"updateKey":null,"optionsURL":null,"optionsType":null,"aboutURL":null,"defaultLocale":{"name":"Firefox Screenshots","description":null,"creator":null,"homepageURL":"https://pageshot.net/"},"visible":true,"active":false,"userDisabled":false,"appDisabled":false,"installDate":1506459502069,"updateDate":1506459502069,"applyBackgroundUpdates":1,"bootstrap":true,"path":"C:\\Program Files\\Mozilla Firefox\\browser\\features\\screenshots@mozilla.org.xpi","skinnable":false,"size":714554,"sourceURI":null,"releaseNotesURI":null,"softDisabled":false,"foreignInstall":false,"hasBinaryComponents":false,"strictCompatibility":false,"locales":[],"targetApplications":[{"id":"{ec8030f7-c20a-464f-9b0e-13a3a9e97384}","minVersion":"51.0a1","maxVersion":"*"}],"targetPlatforms":[],"multiprocessCompatible":true,"seen":true,"dependencies":[],"hasEmbeddedWebExtension":false,"mpcOptedOut":false,"userPermissions":null,"icons":{},"iconURL":null,"icon64URL":null,"blocklistState":0,"blocklistURL":null}
1511867654630	DeferredSave.extensions.json	DEBUG	Save changes
1511867654630	addons.manager	DEBUG	Registering startup change 'installed' for shield-recipe-client@mozilla.org
1511867654630	addons.xpi	DEBUG	Loading bootstrap scope from C:\Program Files\Mozilla Firefox\browser\features\shield-recipe-client@mozilla.org.xpi
1511867654632	addons.xpi	DEBUG	Calling bootstrap method install on shield-recipe-client@mozilla.org version 65
1511867654632	addons.xpi-utils	DEBUG	Make addon app-system-defaults:shield-recipe-client@mozilla.org visible
1511867654632	addons.xpi	DEBUG	Updating XPIState for {"id":"shield-recipe-client@mozilla.org","syncGUID":"{85867387-eec2-481a-93ee-cb3656b2f07d}","location":"app-system-defaults","version":"65","type":"extension","internalName":null,"updateURL":null,"updateKey":null,"optionsURL":null,"optionsType":null,"aboutURL":null,"defaultLocale":{"name":"Shield Recipe Client","description":"Client to download and run recipes for SHIELD, Heartbeat, etc.","creator":null,"homepageURL":null},"visible":true,"active":false,"userDisabled":false,"appDisabled":false,"installDate":1506459502072,"updateDate":1506459502072,"applyBackgroundUpdates":1,"bootstrap":true,"path":"C:\\Program Files\\Mozilla Firefox\\browser\\features\\shield-recipe-client@mozilla.org.xpi","skinnable":false,"size":362688,"sourceURI":null,"releaseNotesURI":null,"softDisabled":false,"foreignInstall":false,"hasBinaryComponents":false,"strictCompatibility":false,"locales":[],"targetApplications":[{"id":"{ec8030f7-c20a-464f-9b0e-13a3a9e97384}","minVersion":"56.0","maxVersion":"56.*"}],"targetPlatforms":[],"multiprocessCompatible":true,"seen":true,"dependencies":[],"hasEmbeddedWebExtension":false,"mpcOptedOut":false,"userPermissions":null,"icons":{},"iconURL":null,"icon64URL":null,"blocklistState":0,"blocklistURL":null}
1511867654633	DeferredSave.extensions.json	DEBUG	Save changes
1511867654633	addons.manager	DEBUG	Registering startup change 'installed' for webcompat@mozilla.org
1511867654634	addons.xpi	DEBUG	Loading bootstrap scope from C:\Program Files\Mozilla Firefox\browser\features\webcompat@mozilla.org.xpi
1511867654635	addons.xpi	DEBUG	Calling bootstrap method install on webcompat@mozilla.org version 1.1
1511867654635	addons.xpi-utils	DEBUG	Make addon app-system-defaults:webcompat@mozilla.org visible
1511867654636	addons.xpi	DEBUG	Updating XPIState for {"id":"webcompat@mozilla.org","syncGUID":"{e7a4e2fa-be2e-4642-b2b7-ac1ccf789e71}","location":"app-system-defaults","version":"1.1","type":"extension","internalName":null,"updateURL":null,"updateKey":null,"optionsURL":null,"optionsType":null,"aboutURL":null,"defaultLocale":{"name":"Web Compat","description":"Urgent post-release fixes for web compatibility.","creator":null,"homepageURL":null},"visible":true,"active":false,"userDisabled":false,"appDisabled":false,"installDate":1506459502073,"updateDate":1506459502073,"applyBackgroundUpdates":1,"bootstrap":true,"path":"C:\\Program Files\\Mozilla Firefox\\browser\\features\\webcompat@mozilla.org.xpi","skinnable":false,"size":8990,"sourceURI":null,"releaseNotesURI":null,"softDisabled":false,"foreignInstall":false,"hasBinaryComponents":false,"strictCompatibility":false,"locales":[],"targetApplications":[{"id":"{ec8030f7-c20a-464f-9b0e-13a3a9e97384}","minVersion":"56.0","maxVersion":"56.*"}],"targetPlatforms":[],"multiprocessCompatible":true,"seen":true,"dependencies":[],"hasEmbeddedWebExtension":false,"mpcOptedOut":false,"userPermissions":null,"icons":{},"iconURL":null,"icon64URL":null,"blocklistState":0,"blocklistURL":null}
1511867654637	DeferredSave.extensions.json	DEBUG	Save changes
1511867654637	addons.xpi-utils	DEBUG	Make addon app-global:{972ce4c6-7e08-4474-a285-3208198ce6fd} visible
1511867654637	addons.xpi	DEBUG	Updating XPIState for {"id":"{972ce4c6-7e08-4474-a285-3208198ce6fd}","syncGUID":"{cc81bcd6-150e-4543-abab-534e38ef4102}","location":"app-global","version":"56.0","type":"theme","internalName":"classic/1.0","updateURL":null,"updateKey":null,"optionsURL":null,"optionsType":null,"optionsBrowserStyle":null,"aboutURL":null,"defaultLocale":{"name":"Default","description":"The default theme.","creator":"Mozilla","homepageURL":null,"contributors":["Mozilla Contributors"]},"visible":true,"active":false,"userDisabled":false,"appDisabled":false,"installDate":1506459502039,"updateDate":1506459502039,"applyBackgroundUpdates":1,"path":"C:\\Program Files\\Mozilla Firefox\\browser\\extensions\\{972ce4c6-7e08-4474-a285-3208198ce6fd}.xpi","skinnable":true,"size":7141,"sourceURI":null,"releaseNotesURI":null,"softDisabled":false,"foreignInstall":false,"hasBinaryComponents":false,"strictCompatibility":true,"locales":[],"targetApplications":[{"id":"{ec8030f7-c20a-464f-9b0e-13a3a9e97384}","minVersion":"56.0","maxVersion":"56.0"}],"targetPlatforms":[],"seen":true,"dependencies":[],"hasEmbeddedWebExtension":false,"userPermissions":null,"icons":{},"iconURL":"chrome://browser/content/default-theme-icon.svg","icon64URL":null,"blocklistState":0,"blocklistURL":null}
1511867654638	DeferredSave.extensions.json	DEBUG	Save changes
1511867654638	addons.xpi	DEBUG	Updating XPIState for {"id":"activity-stream@mozilla.org","syncGUID":"{bc313880-d4d8-43da-9963-0941338014ea}","location":"app-system-defaults","version":"0.0.0","type":"extension","internalName":null,"updateURL":null,"updateKey":null,"optionsURL":null,"optionsType":null,"aboutURL":null,"defaultLocale":{"name":"Activity Stream","description":"A rich visual history feed and a reimagined home page make it easier than ever to find exactly what you're looking for in Firefox.","creator":null,"homepageURL":null},"visible":true,"active":true,"userDisabled":false,"appDisabled":false,"installDate":1506459502048,"updateDate":1506459502048,"applyBackgroundUpdates":1,"bootstrap":true,"path":"C:\\Program Files\\Mozilla Firefox\\browser\\features\\activity-stream@mozilla.org.xpi","skinnable":false,"size":1280296,"sourceURI":null,"releaseNotesURI":null,"softDisabled":false,"foreignInstall":false,"hasBinaryComponents":false,"strictCompatibility":false,"locales":[],"targetApplications":[{"id":"{ec8030f7-c20a-464f-9b0e-13a3a9e97384}","minVersion":"56.0","maxVersion":"56.*"}],"targetPlatforms":[],"multiprocessCompatible":true,"seen":true,"dependencies":[],"hasEmbeddedWebExtension":false,"mpcOptedOut":false,"userPermissions":null,"icons":{},"iconURL":null,"icon64URL":null,"blocklistState":0,"blocklistURL":null}
1511867654638	addons.xpi	DEBUG	Updating XPIState for {"id":"aushelper@mozilla.org","syncGUID":"{a37489e6-88f9-4c89-823a-0655ede03b27}","location":"app-system-defaults","version":"2.0","type":"extension","internalName":null,"updateURL":null,"updateKey":null,"optionsURL":null,"optionsType":null,"aboutURL":null,"defaultLocale":{"name":"Application Update Service Helper","description":"Sets value(s) in the update url based on custom checks.","creator":null,"homepageURL":null},"visible":true,"active":true,"userDisabled":false,"appDisabled":false,"installDate":1506459502049,"updateDate":1506459502049,"applyBackgroundUpdates":1,"bootstrap":true,"path":"C:\\Program Files\\Mozilla Firefox\\browser\\features\\aushelper@mozilla.org.xpi","skinnable":false,"size":8486,"sourceURI":null,"releaseNotesURI":null,"softDisabled":false,"foreignInstall":false,"hasBinaryComponents":false,"strictCompatibility":false,"locales":[],"targetApplications":[{"id":"{ec8030f7-c20a-464f-9b0e-13a3a9e97384}","minVersion":"56.0","maxVersion":"56.*"}],"targetPlatforms":[],"multiprocessCompatible":true,"seen":true,"dependencies":[],"hasEmbeddedWebExtension":false,"mpcOptedOut":false,"userPermissions":null,"icons":{},"iconURL":null,"icon64URL":null,"blocklistState":0,"blocklistURL":null}
1511867654638	addons.xpi	DEBUG	Updating XPIState for {"id":"clicktoplay-rollout@mozilla.org","syncGUID":"{f5d01acc-1f91-4c50-9ed1-b96d5c7f1441}","location":"app-system-defaults","version":"1.4","type":"extension","internalName":null,"updateURL":null,"updateKey":null,"optionsURL":null,"optionsType":null,"aboutURL":null,"defaultLocale":{"name":"Click-to-Play staged rollout","description":"Staged rollout for Click-to-Play Flash.","creator":null,"homepageURL":null},"visible":true,"active":true,"userDisabled":false,"appDisabled":false,"installDate":1506459502049,"updateDate":1506459502049,"applyBackgroundUpdates":1,"bootstrap":true,"path":"C:\\Program Files\\Mozilla Firefox\\browser\\features\\clicktoplay-rollout@mozilla.org.xpi","skinnable":false,"size":5779,"sourceURI":null,"releaseNotesURI":null,"softDisabled":false,"foreignInstall":false,"hasBinaryComponents":false,"strictCompatibility":false,"locales":[],"targetApplications":[{"id":"{ec8030f7-c20a-464f-9b0e-13a3a9e97384}","minVersion":"56.0","maxVersion":"56.*"}],"targetPlatforms":[],"multiprocessCompatible":true,"seen":true,"dependencies":[],"hasEmbeddedWebExtension":false,"mpcOptedOut":false,"userPermissions":null,"icons":{},"iconURL":null,"icon64URL":null,"blocklistState":0,"blocklistURL":null}
1511867654638	addons.xpi	DEBUG	Updating XPIState for {"id":"e10srollout@mozilla.org","syncGUID":"{a45b367f-fc36-419e-8fde-cc649780be7b}","location":"app-system-defaults","version":"3.00","type":"extension","internalName":null,"updateURL":null,"updateKey":null,"optionsURL":null,"optionsType":null,"aboutURL":null,"defaultLocale":{"name":"Multi-process staged rollout","description":"Staged rollout of Firefox multi-process feature.","creator":null,"homepageURL":null},"visible":true,"active":true,"userDisabled":false,"appDisabled":false,"installDate":1506459502050,"updateDate":1506459502050,"applyBackgroundUpdates":1,"bootstrap":true,"path":"C:\\Program Files\\Mozilla Firefox\\browser\\features\\e10srollout@mozilla.org.xpi","skinnable":false,"size":13710,"sourceURI":null,"releaseNotesURI":null,"softDisabled":false,"foreignInstall":false,"hasBinaryComponents":false,"strictCompatibility":false,"locales":[],"targetApplications":[{"id":"{ec8030f7-c20a-464f-9b0e-13a3a9e97384}","minVersion":"56.0","maxVersion":"56.*"}],"targetPlatforms":[],"multiprocessCompatible":true,"seen":true,"dependencies":[],"hasEmbeddedWebExtension":false,"mpcOptedOut":false,"userPermissions":null,"icons":{},"iconURL":null,"icon64URL":null,"blocklistState":0,"blocklistURL":null}
1511867654638	addons.xpi	DEBUG	Updating XPIState for {"id":"firefox@getpocket.com","syncGUID":"{8b5647e9-5348-416e-a05b-cf7d03c1f2bf}","location":"app-system-defaults","version":"1.0.5","type":"extension","internalName":null,"updateURL":null,"updateKey":null,"optionsURL":null,"optionsType":null,"aboutURL":null,"defaultLocale":{"name":"Pocket","description":"When you find something you want to view later, put it in Pocket.","creator":null,"homepageURL":null},"visible":true,"active":true,"userDisabled":false,"appDisabled":false,"installDate":1506459502057,"updateDate":1506459502057,"applyBackgroundUpdates":1,"bootstrap":true,"path":"C:\\Program Files\\Mozilla Firefox\\browser\\features\\firefox@getpocket.com.xpi","skinnable":false,"size":1002023,"sourceURI":null,"releaseNotesURI":null,"softDisabled":false,"foreignInstall":false,"hasBinaryComponents":false,"strictCompatibility":false,"locales":[],"targetApplications":[{"id":"{ec8030f7-c20a-464f-9b0e-13a3a9e97384}","minVersion":"56.0","maxVersion":"56.*"}],"targetPlatforms":[],"multiprocessCompatible":true,"seen":true,"dependencies":[],"hasEmbeddedWebExtension":false,"mpcOptedOut":false,"userPermissions":null,"icons":{},"iconURL":null,"icon64URL":null,"blocklistState":0,"blocklistURL":null}
1511867654638	addons.xpi	DEBUG	Updating XPIState for {"id":"followonsearch@mozilla.com","syncGUID":"{15fb0133-23e7-4547-a885-b292ff0c7a15}","location":"app-system-defaults","version":"0.9.3","type":"extension","internalName":null,"updateURL":null,"updateKey":null,"optionsURL":null,"optionsType":null,"aboutURL":null,"defaultLocale":{"name":"Follow-on Search Telemetry","description":null,"creator":null,"homepageURL":null},"visible":true,"active":true,"userDisabled":false,"appDisabled":false,"installDate":1506459502057,"updateDate":1506459502057,"applyBackgroundUpdates":1,"bootstrap":true,"path":"C:\\Program Files\\Mozilla Firefox\\browser\\features\\followonsearch@mozilla.com.xpi","skinnable":false,"size":16802,"sourceURI":null,"releaseNotesURI":null,"softDisabled":false,"foreignInstall":false,"hasBinaryComponents":false,"strictCompatibility":false,"locales":[],"targetApplications":[{"id":"{ec8030f7-c20a-464f-9b0e-13a3a9e97384}","minVersion":"52.0","maxVersion":"59.*"}],"targetPlatforms":[],"multiprocessCompatible":true,"seen":true,"dependencies":[],"hasEmbeddedWebExtension":false,"mpcOptedOut":false,"userPermissions":null,"icons":{},"iconURL":null,"icon64URL":null,"blocklistState":0,"blocklistURL":null}
1511867654639	addons.xpi	DEBUG	Updating XPIState for {"id":"formautofill@mozilla.org","syncGUID":"{2f92b6c0-7eda-40d8-9645-cc236c365f05}","location":"app-system-defaults","version":"1.0","type":"extension","internalName":null,"updateURL":null,"updateKey":null,"optionsURL":null,"optionsType":null,"aboutURL":null,"defaultLocale":{"name":"Form Autofill","description":"Autofill forms with saved profiles","creator":null,"homepageURL":null},"visible":true,"active":true,"userDisabled":false,"appDisabled":false,"installDate":1506459502060,"updateDate":1506459502060,"applyBackgroundUpdates":1,"bootstrap":true,"path":"C:\\Program Files\\Mozilla Firefox\\browser\\features\\formautofill@mozilla.org.xpi","skinnable":false,"size":335585,"sourceURI":null,"releaseNotesURI":null,"softDisabled":false,"foreignInstall":false,"hasBinaryComponents":false,"strictCompatibility":false,"locales":[],"targetApplications":[{"id":"{ec8030f7-c20a-464f-9b0e-13a3a9e97384}","minVersion":"56.0","maxVersion":"56.*"}],"targetPlatforms":[],"multiprocessCompatible":true,"seen":true,"dependencies":[],"hasEmbeddedWebExtension":false,"mpcOptedOut":false,"userPermissions":null,"icons":{},"iconURL":null,"icon64URL":null,"blocklistState":0,"blocklistURL":null}
1511867654639	addons.xpi	DEBUG	Updating XPIState for {"id":"onboarding@mozilla.org","syncGUID":"{deed8942-5b83-4ca3-8a4c-a23a577d175e}","location":"app-system-defaults","version":"0.1","type":"extension","internalName":null,"updateURL":null,"updateKey":null,"optionsURL":null,"optionsType":null,"aboutURL":null,"defaultLocale":{"name":"Photon onboarding","description":"Photon onboarding","creator":null,"homepageURL":null},"visible":true,"active":true,"userDisabled":false,"appDisabled":false,"installDate":1506459502064,"updateDate":1506459502064,"applyBackgroundUpdates":1,"bootstrap":true,"path":"C:\\Program Files\\Mozilla Firefox\\browser\\features\\onboarding@mozilla.org.xpi","skinnable":false,"size":426439,"sourceURI":null,"releaseNotesURI":null,"softDisabled":false,"foreignInstall":false,"hasBinaryComponents":false,"strictCompatibility":false,"locales":[],"targetApplications":[{"id":"{ec8030f7-c20a-464f-9b0e-13a3a9e97384}","minVersion":"56.0","maxVersion":"56.*"}],"targetPlatforms":[],"multiprocessCompatible":true,"seen":true,"dependencies":[],"hasEmbeddedWebExtension":false,"mpcOptedOut":false,"userPermissions":null,"icons":{},"iconURL":null,"icon64URL":null,"blocklistState":0,"blocklistURL":null}
1511867654639	addons.xpi	DEBUG	Updating XPIState for {"id":"screenshots@mozilla.org","syncGUID":"{bff62fbe-4f75-4d91-8371-3f3c89ae2218}","location":"app-system-defaults","version":"10.12.0","type":"extension","internalName":null,"updateURL":null,"updateKey":null,"optionsURL":null,"optionsType":null,"aboutURL":null,"defaultLocale":{"name":"Firefox Screenshots","description":null,"creator":null,"homepageURL":"https://pageshot.net/"},"visible":true,"active":true,"userDisabled":false,"appDisabled":false,"installDate":1506459502069,"updateDate":1506459502069,"applyBackgroundUpdates":1,"bootstrap":true,"path":"C:\\Program Files\\Mozilla Firefox\\browser\\features\\screenshots@mozilla.org.xpi","skinnable":false,"size":714554,"sourceURI":null,"releaseNotesURI":null,"softDisabled":false,"foreignInstall":false,"hasBinaryComponents":false,"strictCompatibility":false,"locales":[],"targetApplications":[{"id":"{ec8030f7-c20a-464f-9b0e-13a3a9e97384}","minVersion":"51.0a1","maxVersion":"*"}],"targetPlatforms":[],"multiprocessCompatible":true,"seen":true,"dependencies":[],"hasEmbeddedWebExtension":false,"mpcOptedOut":false,"userPermissions":null,"icons":{},"iconURL":null,"icon64URL":null,"blocklistState":0,"blocklistURL":null}
1511867654639	addons.xpi	DEBUG	Updating XPIState for {"id":"shield-recipe-client@mozilla.org","syncGUID":"{85867387-eec2-481a-93ee-cb3656b2f07d}","location":"app-system-defaults","version":"65","type":"extension","internalName":null,"updateURL":null,"updateKey":null,"optionsURL":null,"optionsType":null,"aboutURL":null,"defaultLocale":{"name":"Shield Recipe Client","description":"Client to download and run recipes for SHIELD, Heartbeat, etc.","creator":null,"homepageURL":null},"visible":true,"active":true,"userDisabled":false,"appDisabled":false,"installDate":1506459502072,"updateDate":1506459502072,"applyBackgroundUpdates":1,"bootstrap":true,"path":"C:\\Program Files\\Mozilla Firefox\\browser\\features\\shield-recipe-client@mozilla.org.xpi","skinnable":false,"size":362688,"sourceURI":null,"releaseNotesURI":null,"softDisabled":false,"foreignInstall":false,"hasBinaryComponents":false,"strictCompatibility":false,"locales":[],"targetApplications":[{"id":"{ec8030f7-c20a-464f-9b0e-13a3a9e97384}","minVersion":"56.0","maxVersion":"56.*"}],"targetPlatforms":[],"multiprocessCompatible":true,"seen":true,"dependencies":[],"hasEmbeddedWebExtension":false,"mpcOptedOut":false,"userPermissions":null,"icons":{},"iconURL":null,"icon64URL":null,"blocklistState":0,"blocklistURL":null}
1511867654639	addons.xpi	DEBUG	Updating XPIState for {"id":"webcompat@mozilla.org","syncGUID":"{e7a4e2fa-be2e-4642-b2b7-ac1ccf789e71}","location":"app-system-defaults","version":"1.1","type":"extension","internalName":null,"updateURL":null,"updateKey":null,"optionsURL":null,"optionsType":null,"aboutURL":null,"defaultLocale":{"name":"Web Compat","description":"Urgent post-release fixes for web compatibility.","creator":null,"homepageURL":null},"visible":true,"active":true,"userDisabled":false,"appDisabled":false,"installDate":1506459502073,"updateDate":1506459502073,"applyBackgroundUpdates":1,"bootstrap":true,"path":"C:\\Program Files\\Mozilla Firefox\\browser\\features\\webcompat@mozilla.org.xpi","skinnable":false,"size":8990,"sourceURI":null,"releaseNotesURI":null,"softDisabled":false,"foreignInstall":false,"hasBinaryComponents":false,"strictCompatibility":false,"locales":[],"targetApplications":[{"id":"{ec8030f7-c20a-464f-9b0e-13a3a9e97384}","minVersion":"56.0","maxVersion":"56.*"}],"targetPlatforms":[],"multiprocessCompatible":true,"seen":true,"dependencies":[],"hasEmbeddedWebExtension":false,"mpcOptedOut":false,"userPermissions":null,"icons":{},"iconURL":null,"icon64URL":null,"blocklistState":0,"blocklistURL":null}
1511867654639	addons.xpi	DEBUG	Updating XPIState for {"id":"{972ce4c6-7e08-4474-a285-3208198ce6fd}","syncGUID":"{cc81bcd6-150e-4543-abab-534e38ef4102}","location":"app-global","version":"56.0","type":"theme","internalName":"classic/1.0","updateURL":null,"updateKey":null,"optionsURL":null,"optionsType":null,"optionsBrowserStyle":null,"aboutURL":null,"defaultLocale":{"name":"Default","description":"The default theme.","creator":"Mozilla","homepageURL":null,"contributors":["Mozilla Contributors"]},"visible":true,"active":true,"userDisabled":false,"appDisabled":false,"installDate":1506459502039,"updateDate":1506459502039,"applyBackgroundUpdates":1,"path":"C:\\Program Files\\Mozilla Firefox\\browser\\extensions\\{972ce4c6-7e08-4474-a285-3208198ce6fd}.xpi","skinnable":true,"size":7141,"sourceURI":null,"releaseNotesURI":null,"softDisabled":false,"foreignInstall":false,"hasBinaryComponents":false,"strictCompatibility":true,"locales":[],"targetApplications":[{"id":"{ec8030f7-c20a-464f-9b0e-13a3a9e97384}","minVersion":"56.0","maxVersion":"56.0"}],"targetPlatforms":[],"seen":true,"dependencies":[],"hasEmbeddedWebExtension":false,"userPermissions":null,"icons":{},"iconURL":"chrome://browser/content/default-theme-icon.svg","icon64URL":null,"blocklistState":0,"blocklistURL":null}
1511867654639	DeferredSave.extensions.json	DEBUG	Save changes
1511867654640	addons.xpi	DEBUG	Updating database with changes to installed add-ons
1511867654640	addons.xpi-utils	DEBUG	Updating add-on states
1511867654644	addons.xpi	DEBUG	Registering manifest for C:\Program Files\Mozilla Firefox\browser\features\activity-stream@mozilla.org.xpi
1511867654645	addons.xpi	DEBUG	Calling bootstrap method startup on activity-stream@mozilla.org version 0.0.0
1511867654646	addons.xpi	DEBUG	Registering manifest for C:\Program Files\Mozilla Firefox\browser\features\aushelper@mozilla.org.xpi
1511867654646	addons.xpi	DEBUG	Calling bootstrap method startup on aushelper@mozilla.org version 2.0
1511867654647	addons.xpi	DEBUG	Registering manifest for C:\Program Files\Mozilla Firefox\browser\features\clicktoplay-rollout@mozilla.org.xpi
1511867654647	addons.xpi	DEBUG	Calling bootstrap method startup on clicktoplay-rollout@mozilla.org version 1.4
1511867654648	addons.xpi	DEBUG	Registering manifest for C:\Program Files\Mozilla Firefox\browser\features\e10srollout@mozilla.org.xpi
1511867654648	addons.xpi	DEBUG	Calling bootstrap method startup on e10srollout@mozilla.org version 3.00
1511867654648	addons.xpi	DEBUG	Registering manifest for C:\Program Files\Mozilla Firefox\browser\features\firefox@getpocket.com.xpi
1511867654648	addons.xpi	DEBUG	Calling bootstrap method startup on firefox@getpocket.com version 1.0.5
1511867654675	addons.xpi	DEBUG	Registering manifest for C:\Program Files\Mozilla Firefox\browser\features\followonsearch@mozilla.com.xpi
1511867654675	addons.xpi	DEBUG	Calling bootstrap method startup on followonsearch@mozilla.com version 0.9.3
1511867654676	addons.xpi	DEBUG	Registering manifest for C:\Program Files\Mozilla Firefox\browser\features\formautofill@mozilla.org.xpi
1511867654676	addons.xpi	DEBUG	Calling bootstrap method startup on formautofill@mozilla.org version 1.0
1511867654676	addons.xpi	DEBUG	Registering manifest for C:\Program Files\Mozilla Firefox\browser\features\onboarding@mozilla.org.xpi
1511867654677	addons.xpi	DEBUG	Calling bootstrap method startup on onboarding@mozilla.org version 0.1
1511867654677	addons.xpi	DEBUG	Registering manifest for C:\Program Files\Mozilla Firefox\browser\features\screenshots@mozilla.org.xpi
1511867654677	addons.xpi	DEBUG	Calling bootstrap method startup on screenshots@mozilla.org version 10.12.0
1511867654678	addons.xpi	DEBUG	Registering manifest for C:\Program Files\Mozilla Firefox\browser\features\shield-recipe-client@mozilla.org.xpi
1511867654678	addons.xpi	DEBUG	Calling bootstrap method startup on shield-recipe-client@mozilla.org version 65
1511867654683	addons.xpi	DEBUG	Registering manifest for C:\Program Files\Mozilla Firefox\browser\features\webcompat@mozilla.org.xpi
1511867654683	addons.xpi	DEBUG	Calling bootstrap method startup on webcompat@mozilla.org version 1.1
1511867654689	addons.manager	DEBUG	Registering shutdown blocker for XPIProvider
1511867654690	addons.manager	DEBUG	Provider finished startup: XPIProvider
1511867654690	addons.manager	DEBUG	Starting provider: LightweightThemeManager
1511867654690	addons.manager	DEBUG	Registering shutdown blocker for LightweightThemeManager
1511867654690	addons.manager	DEBUG	Provider finished startup: LightweightThemeManager
1511867654690	addons.manager	DEBUG	Starting provider: GMPProvider
1511867654695	addons.manager	DEBUG	Registering shutdown blocker for GMPProvider
1511867654695	addons.manager	DEBUG	Provider finished startup: GMPProvider
1511867654695	addons.manager	DEBUG	Starting provider: PluginProvider
1511867654695	addons.manager	DEBUG	Registering shutdown blocker for PluginProvider
1511867654695	addons.manager	DEBUG	Provider finished startup: PluginProvider
1511867654695	addons.manager	DEBUG	Completed startup sequence
1511867655234	Marionette	INFO	Enabled via --marionette
1511867655331	addons.manager	DEBUG	Starting provider: PreviousExperimentProvider
1511867655331	addons.manager	DEBUG	Registering shutdown blocker for PreviousExperimentProvider
1511867655332	addons.manager	DEBUG	Provider finished startup: PreviousExperimentProvider
1511867655333	DeferredSave.extensions.json	DEBUG	Starting write
1511867655491	DeferredSave.webext.sc.lz4	DEBUG	Save changes
1511867655491	DeferredSave.webext.sc.lz4	DEBUG	Starting timer
1511867655511	DeferredSave.webext.sc.lz4	DEBUG	Save changes
1511867655512	DeferredSave.webext.sc.lz4	DEBUG	Save changes
1511867655514	DeferredSave.webext.sc.lz4	DEBUG	Save changes
1511867655515	DeferredSave.webext.sc.lz4	DEBUG	Save changes
1511867655517	DeferredSave.webext.sc.lz4	DEBUG	Save changes
1511867655518	DeferredSave.webext.sc.lz4	DEBUG	Save changes
1511867655520	DeferredSave.webext.sc.lz4	DEBUG	Save changes
1511867655521	DeferredSave.webext.sc.lz4	DEBUG	Save changes
1511867655523	DeferredSave.webext.sc.lz4	DEBUG	Save changes
1511867655524	DeferredSave.webext.sc.lz4	DEBUG	Save changes
1511867655525	DeferredSave.webext.sc.lz4	DEBUG	Save changes
1511867655526	DeferredSave.webext.sc.lz4	DEBUG	Save changes
1511867655527	DeferredSave.webext.sc.lz4	DEBUG	Save changes
1511867655528	DeferredSave.webext.sc.lz4	DEBUG	Save changes
1511867655529	DeferredSave.webext.sc.lz4	DEBUG	Save changes
1511867655535	DeferredSave.webext.sc.lz4	DEBUG	Save changes
1511867655536	DeferredSave.webext.sc.lz4	DEBUG	Save changes
1511867655537	DeferredSave.webext.sc.lz4	DEBUG	Save changes
1511867655538	DeferredSave.webext.sc.lz4	DEBUG	Save changes
1511867655539	DeferredSave.webext.sc.lz4	DEBUG	Save changes
1511867655542	DeferredSave.webext.sc.lz4	DEBUG	Save changes
1511867655543	DeferredSave.webext.sc.lz4	DEBUG	Save changes
1511867655544	DeferredSave.webext.sc.lz4	DEBUG	Save changes
1511867655544	DeferredSave.webext.sc.lz4	DEBUG	Save changes
1511867655545	DeferredSave.webext.sc.lz4	DEBUG	Save changes
1511867655545	DeferredSave.webext.sc.lz4	DEBUG	Save changes
1511867655546	DeferredSave.webext.sc.lz4	DEBUG	Save changes
1511867655546	DeferredSave.webext.sc.lz4	DEBUG	Save changes
1511867655547	DeferredSave.webext.sc.lz4	DEBUG	Save changes
1511867655548	DeferredSave.webext.sc.lz4	DEBUG	Save changes
1511867655549	DeferredSave.webext.sc.lz4	DEBUG	Save changes
1511867655549	DeferredSave.webext.sc.lz4	DEBUG	Save changes
1511867655550	DeferredSave.webext.sc.lz4	DEBUG	Save changes
1511867655551	DeferredSave.webext.sc.lz4	DEBUG	Save changes
1511867655552	DeferredSave.webext.sc.lz4	DEBUG	Save changes
1511867655552	DeferredSave.webext.sc.lz4	DEBUG	Save changes
1511867655553	DeferredSave.webext.sc.lz4	DEBUG	Save changes
1511867655553	DeferredSave.webext.sc.lz4	DEBUG	Save changes
1511867655556	DeferredSave.webext.sc.lz4	DEBUG	Save changes
1511867655557	DeferredSave.webext.sc.lz4	DEBUG	Save changes
1511867655559	DeferredSave.webext.sc.lz4	DEBUG	Save changes
1511867655561	DeferredSave.webext.sc.lz4	DEBUG	Save changes
1511867655561	DeferredSave.webext.sc.lz4	DEBUG	Save changes
1511867655563	DeferredSave.webext.sc.lz4	DEBUG	Save changes
1511867655566	DeferredSave.webext.sc.lz4	DEBUG	Save changes
1511867655567	DeferredSave.webext.sc.lz4	DEBUG	Save changes
1511867655567	DeferredSave.webext.sc.lz4	DEBUG	Save changes
1511867655571	DeferredSave.webext.sc.lz4	DEBUG	Save changes
1511867655583	DeferredSave.extensions.json	DEBUG	Write succeeded
1511867655583	addons.xpi-utils	DEBUG	XPI Database saved, setting schema version preference to 22
1511867655587	DeferredSave.webext.sc.lz4	DEBUG	Save changes
1511867655619	DeferredSave.webext.sc.lz4	DEBUG	Save changes
1511867655624	DeferredSave.webext.sc.lz4	DEBUG	Save changes
Unable to read VR Path Registry from C:\Users\Atika waheed\AppData\Local\openvr\openvrpaths.vrpath
[Child 6776] WARNING: pipe error: 109: file z:/build/build/src/ipc/chromium/src/chrome/common/ipc_channel_win.cc, line 346
[Child 6776] WARNING: pipe error: 109: file z:/build/build/src/ipc/chromium/src/chrome/common/ipc_channel_win.cc, line 346
1511867657648	addons.manager	DEBUG	Starting provider: <unnamed-provider>
1511867657648	addons.manager	DEBUG	Registering shutdown blocker for <unnamed-provider>
1511867657648	addons.manager	DEBUG	Provider finished startup: <unnamed-provider>
1511867657650	addons.xpi	INFO	Mapping activity-stream@mozilla.org to C:\Program Files\Mozilla Firefox\browser\features\activity-stream@mozilla.org.xpi
1511867657650	addons.xpi	INFO	Mapping aushelper@mozilla.org to C:\Program Files\Mozilla Firefox\browser\features\aushelper@mozilla.org.xpi
1511867657650	addons.xpi	INFO	Mapping clicktoplay-rollout@mozilla.org to C:\Program Files\Mozilla Firefox\browser\features\clicktoplay-rollout@mozilla.org.xpi
1511867657651	addons.xpi	INFO	Mapping e10srollout@mozilla.org to C:\Program Files\Mozilla Firefox\browser\features\e10srollout@mozilla.org.xpi
1511867657651	addons.xpi	INFO	Mapping firefox@getpocket.com to C:\Program Files\Mozilla Firefox\browser\features\firefox@getpocket.com.xpi
1511867657651	addons.xpi	INFO	Mapping followonsearch@mozilla.com to C:\Program Files\Mozilla Firefox\browser\features\followonsearch@mozilla.com.xpi
1511867657651	addons.xpi	INFO	Mapping formautofill@mozilla.org to C:\Program Files\Mozilla Firefox\browser\features\formautofill@mozilla.org.xpi
1511867657651	addons.xpi	INFO	Mapping onboarding@mozilla.org to C:\Program Files\Mozilla Firefox\browser\features\onboarding@mozilla.org.xpi
1511867657651	addons.xpi	INFO	Mapping screenshots@mozilla.org to C:\Program Files\Mozilla Firefox\browser\features\screenshots@mozilla.org.xpi
1511867657651	addons.xpi	INFO	Mapping shield-recipe-client@mozilla.org to C:\Program Files\Mozilla Firefox\browser\features\shield-recipe-client@mozilla.org.xpi
1511867657651	addons.xpi	INFO	Mapping webcompat@mozilla.org to C:\Program Files\Mozilla Firefox\browser\features\webcompat@mozilla.org.xpi
1511867657652	addons.xpi	DEBUG	Existing add-on activity-stream@mozilla.org in app-system-defaults
1511867657653	addons.xpi	DEBUG	Existing add-on aushelper@mozilla.org in app-system-defaults
1511867657653	addons.xpi	DEBUG	Existing add-on clicktoplay-rollout@mozilla.org in app-system-defaults
1511867657653	addons.xpi	DEBUG	Existing add-on e10srollout@mozilla.org in app-system-defaults
1511867657654	addons.xpi	DEBUG	Existing add-on firefox@getpocket.com in app-system-defaults
1511867657654	addons.xpi	DEBUG	Existing add-on followonsearch@mozilla.com in app-system-defaults
1511867657654	addons.xpi	DEBUG	Existing add-on formautofill@mozilla.org in app-system-defaults
1511867657654	addons.xpi	DEBUG	Existing add-on onboarding@mozilla.org in app-system-defaults
1511867657655	addons.xpi	DEBUG	Existing add-on screenshots@mozilla.org in app-system-defaults
1511867657655	addons.xpi	DEBUG	Existing add-on shield-recipe-client@mozilla.org in app-system-defaults
1511867657655	addons.xpi	DEBUG	Existing add-on webcompat@mozilla.org in app-system-defaults
1511867657656	addons.xpi	INFO	Mapping {972ce4c6-7e08-4474-a285-3208198ce6fd} to C:\Program Files\Mozilla Firefox\browser\extensions\{972ce4c6-7e08-4474-a285-3208198ce6fd}.xpi
1511867657656	addons.xpi	DEBUG	Existing add-on {972ce4c6-7e08-4474-a285-3208198ce6fd} in app-global
1511867657656	addons.xpi	DEBUG	getInstallState changed: false, state: {}
1511867658217	Marionette	INFO	Listening on port 50675
1511867658386	addons.productaddons	INFO	sending request to: https://aus5.mozilla.org/update/3/GMP/56.0/20170926190823/WINNT_x86_64-msvc-x64/en-US/release/Windows_NT%206.3.0.0%20(x64)/default/default/update.xml
1511867658456	Marionette	WARN	TLS certificate errors will be ignored for this session
1511867658547	Marionette	DEBUG	Register listener.js for window 6442450945
1511867660257	addons.productaddons	INFO	Completed downloading document
1511867660505	DeferredSave.webext.sc.lz4	DEBUG	Starting write
1511867660521	DeferredSave.webext.sc.lz4	DEBUG	Write succeeded
1511867662140	addons.productaddons	INFO	downloadXHR File download. status=200
1511867662144	addons.productaddons	INFO	Downloaded file will be saved to C:\Users\ATIKAW~1\AppData\Local\Temp\tmpaddon-f4f23e
1511867672084	addons.productaddons	INFO	downloadXHR File download. status=200
1511867672092	addons.productaddons	INFO	Downloaded file will be saved to C:\Users\ATIKAW~1\AppData\Local\Temp\tmpaddon-c255ac
1511867685145	addons.xpi	DEBUG	Calling bootstrap method shutdown on webcompat@mozilla.org version 1.1
1511867685145	addons.xpi	DEBUG	Calling bootstrap method shutdown on shield-recipe-client@mozilla.org version 65
1511867685145	addons.xpi	DEBUG	Calling bootstrap method shutdown on screenshots@mozilla.org version 10.12.0
1511867685150	addons.xpi	DEBUG	Calling bootstrap method shutdown on onboarding@mozilla.org version 0.1
1511867685151	addons.xpi	DEBUG	Calling bootstrap method shutdown on formautofill@mozilla.org version 1.0
1511867685151	addons.xpi	DEBUG	Calling bootstrap method shutdown on followonsearch@mozilla.com version 0.9.3
1511867685152	addons.xpi	DEBUG	Calling bootstrap method shutdown on firefox@getpocket.com version 1.0.5
1511867685152	addons.xpi	DEBUG	Calling bootstrap method shutdown on e10srollout@mozilla.org version 3.00
1511867685152	addons.xpi	DEBUG	Calling bootstrap method shutdown on clicktoplay-rollout@mozilla.org version 1.4
1511867685152	addons.xpi	DEBUG	Calling bootstrap method shutdown on aushelper@mozilla.org version 2.0
1511867685153	addons.xpi	DEBUG	Calling bootstrap method shutdown on activity-stream@mozilla.org version 0.0.0
Unable to read VR Path Registry from C:\Users\Atika waheed\AppData\Local\openvr\openvrpaths.vrpath
[Child 4252] WARNING: pipe error: 109: file z:/build/build/src/ipc/chromium/src/chrome/common/ipc_channel_win.cc, line 346
[Child 4252] WARNING: pipe error: 109: file z:/build/build/src/ipc/chromium/src/chrome/common/ipc_channel_win.cc, line 346
Unable to read VR Path Registry from C:\Users\Atika waheed\AppData\Local\openvr\openvrpaths.vrpath
[Child 3112] WARNING: pipe error: 109: file z:/build/build/src/ipc/chromium/src/chrome/common/ipc_channel_win.cc, line 346
[Child 3112] WARNING: pipe error: 109: file z:/build/build/src/ipc/chromium/src/chrome/common/ipc_channel_win.cc, line 346
1511867685265	addons.manager	DEBUG	shutdown
1511867685267	addons.manager	DEBUG	Calling shutdown blocker for XPIProvider
1511867685267	addons.xpi	DEBUG	shutdown
1511867685267	addons.xpi-utils	DEBUG	shutdown
1511867685268	addons.manager	DEBUG	Calling shutdown blocker for LightweightThemeManager
1511867685268	addons.manager	DEBUG	Calling shutdown blocker for GMPProvider
1511867685270	addons.manager	DEBUG	Calling shutdown blocker for PluginProvider
1511867685272	addons.manager	DEBUG	Calling shutdown blocker for PreviousExperimentProvider
1511867685272	addons.manager	DEBUG	Calling shutdown blocker for <unnamed-provider>
1511867685301	addons.manager	DEBUG	Async provider shutdown done
Unable to read VR Path Registry from C:\Users\Atika waheed\AppData\Local\openvr\openvrpaths.vrpath
[GPU 7152] WARNING: pipe error: 109: file z:/build/build/src/ipc/chromium/src/chrome/common/ipc_channel_win.cc, line 346
Unable to read VR Path Registry from C:\Users\Atika waheed\AppData\Local\openvr\openvrpaths.vrpath
ange notification. Ignoring timer registration for id: telemetry_modules_ping
Unable to read VR Path Registry from C:\Users\Atika waheed\AppData\Local\openvr\openvrpaths.vrpath
[GPU 5568] WARNING: pipe error: 109: file z:/build/build/src/ipc/chromium/src/chrome/common/ipc_channel_win.cc, line 346

###!!! [Child][MessageChannel::SendAndWait] Error: Channel error: cannot send/recv

